Step: build-step-credential-initializer:

{"level":"warn","ts":1552157789.4162726,"logger":"fallback-logger","caller":"logging/config.go:65","msg":"Fetch GitHub commit ID from kodata failed: \"ref: refs/heads/test\" is not a valid GitHub commit ID"}
{"level":"info","ts":1552157789.4171147,"logger":"fallback-logger","caller":"creds-init/main.go:40","msg":"Credentials initialized."}
Step: build-step-git-source-0:

{"level":"warn","ts":1552157791.5824075,"logger":"fallback-logger","caller":"logging/config.go:65","msg":"Fetch GitHub commit ID from kodata failed: \"ref: refs/heads/test\" is not a valid GitHub commit ID"}
{"level":"info","ts":1552157791.7864265,"logger":"fallback-logger","caller":"git-init/main.go:92","msg":"Successfully cloned \"https://github.com/jenkinsxworkshop/goscalebooth.git\" @ \"master\" in path \"/workspace\""}
Step: build-step-jenkins:

Picked up _JAVA_OPTIONS: -Xmx400m
Started
Running in Durability level: PERFORMANCE_OPTIMIZED
  18.957 [id=34]	WARNING	i.f.k.c.i.VersionUsageUtils#alert: The client is using resource type 'customresourcedefinitions' with unstable version 'v1beta1'
[Pipeline] Start of Pipeline
[Pipeline] node
Running on Jenkins in /tmp/jenkinsTests.tmp/jenkins2124497844036675380test/workspace/job
[Pipeline] {
[Pipeline] stage
[Pipeline] { (Declarative: Checkout SCM)
[Pipeline] checkout
[Pipeline] }
[Pipeline] // stage
[Pipeline] withCredentials
[Pipeline] {
[Pipeline] withEnv
[Pipeline] {
[Pipeline] stage
[Pipeline] { (CI Build and push snapshot)
Stage "CI Build and push snapshot" skipped due to when conditional
[Pipeline] }
[Pipeline] // stage
[Pipeline] stage
[Pipeline] { (Build Release)
[Pipeline] dir
Running in /home/jenkins/go/src/github.com/jenkinsxworkshop/goscalebooth
[Pipeline] {
[Pipeline] git
Cloning the remote Git repository
Cloning repository https://github.com/jenkinsxworkshop/goscalebooth.git
 > git init /home/jenkins/go/src/github.com/jenkinsxworkshop/goscalebooth # timeout=10
Fetching upstream changes from https://github.com/jenkinsxworkshop/goscalebooth.git
 > git --version # timeout=10
 > git fetch --tags --progress https://github.com/jenkinsxworkshop/goscalebooth.git +refs/heads/*:refs/remotes/origin/*
 > git config remote.origin.url https://github.com/jenkinsxworkshop/goscalebooth.git # timeout=10
 > git config --add remote.origin.fetch +refs/heads/*:refs/remotes/origin/* # timeout=10
 > git config remote.origin.url https://github.com/jenkinsxworkshop/goscalebooth.git # timeout=10
Fetching upstream changes from https://github.com/jenkinsxworkshop/goscalebooth.git
 > git fetch --tags --progress https://github.com/jenkinsxworkshop/goscalebooth.git +refs/heads/*:refs/remotes/origin/*
 > git rev-parse refs/remotes/origin/master^{commit} # timeout=10
 > git rev-parse refs/remotes/origin/origin/master^{commit} # timeout=10
Checking out Revision 339e65f2f58947ef844cf23dc8e7ecf71aec8022 (refs/remotes/origin/master)
 > git config core.sparsecheckout # timeout=10
 > git checkout -f 339e65f2f58947ef844cf23dc8e7ecf71aec8022
 > git branch -a -v --no-abbrev # timeout=10
 > git checkout -b master 339e65f2f58947ef844cf23dc8e7ecf71aec8022
Commit message: "Draft create"
First time build. Skipping changelog.
[Pipeline] sh
+ jx-release-version
+ echo 0.0.1
[Pipeline] sh
+ cat VERSION
+ jx step tag --version 0.0.1
Tag v0.0.1 created and pushed to remote origin
[Pipeline] sh
+ make build
CGO_ENABLED=0 GO15VENDOREXPERIMENT=1 go build -ldflags '' -o bin/goscalebooth main.go
[Pipeline] sh
+ cat VERSION
+ export VERSION=0.0.1
+ skaffold build -f skaffold.yaml
time="2019-03-09T18:59:05Z" level=warning msg="config version (skaffold/v1beta2) out of date: upgrading to latest (skaffold/v1beta6)"
Generating Tag for [changeme]...
Starting build...
Building [changeme]...
Sending build context to Docker daemon  525.8kBSending build context to Docker daemon  6.502MB
Step 1/4 : FROM scratch
 ---> 
Step 2/4 : EXPOSE 8080
 ---> Running in 5bf11ed0dc66
 ---> 4dab0894ce39
Step 3/4 : ENTRYPOINT /goscalebooth
 ---> Running in 5d08b2c2914b
 ---> 574f8b5c25dc
Step 4/4 : COPY ./bin/ /
 ---> 85ada887b388
Successfully built 85ada887b388
The push refers to a repository [10.63.240.164:5000/jenkinsxworkshop/goscalebooth]
c294871ff0d8: Preparing
c294871ff0d8: Pushed
0.0.1: digest: sha256:7b2404ad3e2679b6a6d1eb9d559d9f4cd566207bdb1522263a51cf42943de583 size: 528
Build complete in 1.726633947s
Starting test...
Test complete in 7.197µs
changeme -> 10.63.240.164:5000/jenkinsxworkshop/goscalebooth:0.0.1@sha256:7b2404ad3e2679b6a6d1eb9d559d9f4cd566207bdb1522263a51cf42943de583
[Pipeline] sh
+ cat VERSION
+ jx step post build --image 10.63.240.164:5000/jenkinsxworkshop/goscalebooth:0.0.1
[Pipeline] }
[Pipeline] // dir
[Pipeline] }
[Pipeline] // stage
[Pipeline] stage
[Pipeline] { (Promote to Environments)
[Pipeline] dir
Running in /home/jenkins/go/src/github.com/jenkinsxworkshop/goscalebooth/charts/goscalebooth
[Pipeline] {
[Pipeline] sh
+ cat ../../VERSION
+ jx step changelog --version v0.0.1
Using batch mode as inside a pipeline
Generating change log from git ref 339e65f2f58947ef844cf23dc8e7ecf71aec8022 => ee23424ef0a716640f625398e8f63443651c61c5
Failed to enrich commits with issues: User.jenkins.io "" is invalid: metadata.name: Required value: name or generateName is required
Failed to enrich commits with issues: User.jenkins.io "" is invalid: metadata.name: Required value: name or generateName is required
Finding issues in commit messages using git format
No release found for jenkinsxworkshop/goscalebooth and tag v0.0.1 so creating a new release
Updated the release information at https://github.com/jenkinsxworkshop/goscalebooth/releases/tag/v0.0.1
generated: /home/jenkins/go/src/github.com/jenkinsxworkshop/goscalebooth/charts/goscalebooth/templates/release.yaml
Created Release goscalebooth-0-0-1 resource in namespace jx
Updating PipelineActivity jenkinsxworkshop-goscalebooth-master-1 with version 0.0.1
Updated PipelineActivities jenkinsxworkshop-goscalebooth-master-1 with release notes URL: https://github.com/jenkinsxworkshop/goscalebooth/releases/tag/v0.0.1
[Pipeline] sh
+ jx step helm release
No $CHART_REPOSITORY defined so using the default value of: http://jenkins-x-chartmuseum:8080
Adding missing Helm repo: releases http://jenkins-x-chartmuseum:8080
Successfully added Helm repository releases.
Adding missing Helm repo: jenkins-x http://chartmuseum.jenkins-x.io
Successfully added Helm repository jenkins-x.
No $CHART_REPOSITORY defined so using the default value of: http://jenkins-x-chartmuseum:8080
Uploading chart file goscalebooth-0.0.1.tgz to http://jenkins-x-chartmuseum:8080/api/charts
Received 201 response: {"saved":true}
[Pipeline] sh
+ cat ../../VERSION
+ jx promote -b --all-auto --timeout 1h --version 0.0.1
prow based install so skip waiting for the merge of Pull Requests to go green as currently there is an issue with gettingstatuses from the PR, see https://github.com/jenkins-x/jx/issues/2410
Promoting app goscalebooth version 0.0.1 to namespace jx-staging
Created Pull Request: https://github.com/jenkinsxworkshop/environment-scaleserverlessmar9-staging/pull/1

Pull Request https://github.com/jenkinsxworkshop/environment-scaleserverlessmar9-staging/pull/1 is merged at sha dbca93aa67f63ecfbe989e3be76546ec678a9eb6
Pull Request merged but we are not waiting for the update pipeline to complete!
Could not find the service URL in namespace jx-staging for names goscalebooth, jx-goscalebooth, jx-staging-goscalebooth
[Pipeline] }
[Pipeline] // dir
[Pipeline] }
[Pipeline] // stage
[Pipeline] }
[Pipeline] // withEnv
[Pipeline] }
[Pipeline] // withCredentials
[Pipeline] }
[Pipeline] // node
[Pipeline] End of Pipeline
