Step: build-step-credential-initializer:

{"level":"warn","ts":1552159149.6959252,"logger":"fallback-logger","caller":"logging/config.go:65","msg":"Fetch GitHub commit ID from kodata failed: \"ref: refs/heads/test\" is not a valid GitHub commit ID"}
{"level":"info","ts":1552159149.696499,"logger":"fallback-logger","caller":"creds-init/main.go:40","msg":"Credentials initialized."}
Step: build-step-git-source-0:

{"level":"warn","ts":1552159150.6375918,"logger":"fallback-logger","caller":"logging/config.go:65","msg":"Fetch GitHub commit ID from kodata failed: \"ref: refs/heads/test\" is not a valid GitHub commit ID"}
{"level":"info","ts":1552159151.2180307,"logger":"fallback-logger","caller":"git-init/main.go:92","msg":"Successfully cloned \"https://github.com/jenkinsxworkshop/goscalebooth.git\" @ \"b8eadd7ffc54ee7c51ddbda8063db8e8057b48c8\" in path \"/workspace\""}
Step: build-step-jenkins:

Picked up _JAVA_OPTIONS: -Xmx400m
Started
Running in Durability level: PERFORMANCE_OPTIMIZED
  21.848 [id=24]	WARNING	i.f.k.c.i.VersionUsageUtils#alert: The client is using resource type 'customresourcedefinitions' with unstable version 'v1beta1'
[Pipeline] Start of Pipeline
[Pipeline] node
Running on Jenkins in /tmp/jenkinsTests.tmp/jenkins1109124341946014500test/workspace/job
[Pipeline] {
[Pipeline] stage
[Pipeline] { (Declarative: Checkout SCM)
[Pipeline] checkout
[Pipeline] }
[Pipeline] // stage
[Pipeline] withCredentials
[Pipeline] {
[Pipeline] withEnv
[Pipeline] {
[Pipeline] stage
[Pipeline] { (CI Build and push snapshot)
[Pipeline] withEnv
[Pipeline] {
[Pipeline] dir
Running in /home/jenkins/go/src/github.com/jenkinsxworkshop/goscalebooth
[Pipeline] {
[Pipeline] checkout
[Pipeline] sh
+ make linux
CGO_ENABLED=0 GOOS=linux GOARCH=amd64 GO15VENDOREXPERIMENT=1 go build -ldflags '' -o bin/goscalebooth main.go
[Pipeline] sh
+ export VERSION=0.0.0-SNAPSHOT-PR-1-1
+ skaffold build -f skaffold.yaml
time="2019-03-09T19:21:50Z" level=warning msg="config version (skaffold/v1beta2) out of date: upgrading to latest (skaffold/v1beta6)"
Generating Tag for [changeme]...
Starting build...
Building [changeme]...
Sending build context to Docker daemon  525.8kBSending build context to Docker daemon  6.502MB
Step 1/4 : FROM scratch
 ---> 
Step 2/4 : EXPOSE 8080
 ---> Running in 7197b845303b
 ---> 4f70866432ea
Step 3/4 : ENTRYPOINT /goscalebooth
 ---> Running in 6a28d87bd705
 ---> bb5e30c6309e
Step 4/4 : COPY ./bin/ /
 ---> a798a057c22a
Successfully built a798a057c22a
The push refers to a repository [10.63.240.164:5000/jenkinsxworkshop/goscalebooth]
09f4d0ecb18f: Preparing
09f4d0ecb18f: Pushed
0.0.0-SNAPSHOT-PR-1-1: digest: sha256:4fb256648763ff4215e7499ee8e514c3e8a6c05c5cab5b575c893e5db4d692bd size: 528
Build complete in 1.862557107s
Starting test...
Test complete in 7.341µs
changeme -> 10.63.240.164:5000/jenkinsxworkshop/goscalebooth:0.0.0-SNAPSHOT-PR-1-1@sha256:4fb256648763ff4215e7499ee8e514c3e8a6c05c5cab5b575c893e5db4d692bd
[Pipeline] sh
+ jx step post build --image 10.63.240.164:5000/jenkinsxworkshop/goscalebooth:0.0.0-SNAPSHOT-PR-1-1
[Pipeline] }
[Pipeline] // dir
[Pipeline] dir
Running in /home/jenkins/go/src/github.com/jenkinsxworkshop/goscalebooth/charts/preview
[Pipeline] {
[Pipeline] sh
+ make preview
sed -i -e "s/version:.*/version: 0.0.0-SNAPSHOT-PR-1-1/" Chart.yaml
sed -i -e "s/version:.*/version: 0.0.0-SNAPSHOT-PR-1-1/" ../*/Chart.yaml
sed -i -e "s|repository:.*|repository: 10.63.240.164:5000\/jenkinsxworkshop\/goscalebooth|" values.yaml
sed -i -e "s/tag:.*/tag: 0.0.0-SNAPSHOT-PR-1-1/" values.yaml
echo "  version: 0.0.0-SNAPSHOT-PR-1-1" >> requirements.yaml
jx step helm build
No $CHART_REPOSITORY defined so using the default value of: http://jenkins-x-chartmuseum:8080
Adding missing Helm repo: jenkins-x http://chartmuseum.jenkins-x.io
Successfully added Helm repository jenkins-x.
Adding missing Helm repo: releases http://jenkins-x-chartmuseum:8080
Successfully added Helm repository releases.
[Pipeline] sh
+ jx preview --app goscalebooth --dir ../..
Creating a preview
Commit author email is empty for: b8eadd7ffc54ee7c51ddbda8063db8e8057b48c8
Looking for commits in: /home/jenkins/go/src/github.com/jenkinsxworkshop/goscalebooth/
Found commit author match for: junibutler with email address: 38925583+junibutler@users.noreply.github.com
Created environment jenkinsxworkshop-goscalebooth-pr-1
Namespace jx-jenkinsxworkshop-goscalebooth-pr-1 created 
 expose:
  Annotations:
    helm.sh/hook: post-install,post-upgrade
    helm.sh/hook-delete-policy: hook-succeeded
  config:
    domain: 35.197.69.195.nip.io
    exposer: Ingress
    http: "true"
preview:
  image:
    repository: 10.63.240.164:5000/jenkinsxworkshop/goscalebooth
    tag: 0.0.0-SNAPSHOT-PR-1-1
Failed to update PipelineActivities jenkinsxworkshop-goscalebooth-pr-1-1: the namespace of the object (jx-jenkinsxworkshop-goscalebooth-pr-1) does not match the namespace on the request (jx)
Preview application is now available at: http://goscalebooth.jx-jenkinsxworkshop-goscalebooth-pr-1.35.197.69.195.nip.io

[Pipeline] }
[Pipeline] // dir
[Pipeline] }
[Pipeline] // withEnv
[Pipeline] }
[Pipeline] // stage
[Pipeline] stage
[Pipeline] { (Build Release)
Stage "Build Release" skipped due to when conditional
[Pipeline] }
[Pipeline] // stage
[Pipeline] stage
[Pipeline] { (Promote to Environments)
Stage "Promote to Environments" skipped due to when conditional
[Pipeline] }
[Pipeline] // stage
[Pipeline] }
[Pipeline] // withEnv
[Pipeline] }
[Pipeline] // withCredentials
[Pipeline] }
[Pipeline] // node
[Pipeline] End of Pipeline
